Using pre-set license
Built from '2020.3/staging' branch; Version is '2020.3.26f1 (7298b473bc1a) revision 7510196'; Using compiler version '192528614'; Build Type 'Release'
OS: 'Windows 10  (10.0.19044) 64bit Core' Language: 'en' Physical Memory: 15970 MB
BatchMode: 1, IsHumanControllingUs: 0, StartBugReporterOnCrash: 0, Is64bit: 1, IsPro: 0

COMMAND LINE ARGUMENTS:
C:\Program Files\Unity\Hub\Editor\2019.4.22f1\Editor\2020.3.26f1\Editor\Unity.exe
-adb2
-batchMode
-noUpm
-name
AssetImportWorker0
-projectPath
C:/Users/csviv/Desktop/unity/findOutAndroid
-logFile
Logs/AssetImportWorker0.log
-srvPort
64538
Successfully changed project path to: C:/Users/csviv/Desktop/unity/findOutAndroid
C:/Users/csviv/Desktop/unity/findOutAndroid
Using Asset Import Pipeline V2.
Refreshing native plugins compatible for Editor in 2205.31 ms, found 3 plugins.
Preloading 0 native plugins for Editor in 0.00 ms.
Initialize engine version: 2020.3.26f1 (7298b473bc1a)
[Subsystems] Discovering subsystems at path C:/Program Files/Unity/Hub/Editor/2019.4.22f1/Editor/2020.3.26f1/Editor/Data/Resources/UnitySubsystems
[Subsystems] Discovering subsystems at path C:/Users/csviv/Desktop/unity/findOutAndroid/Assets
GfxDevice: creating device client; threaded=0
Direct3D:
    Version:  Direct3D 11.0 [level 11.1]
    Renderer: Intel(R) Iris(R) Plus Graphics (ID=0x8a52)
    Vendor:   
    VRAM:     7985 MB
    Driver:   27.20.100.9621
Initialize mono
Mono path[0] = 'C:/Program Files/Unity/Hub/Editor/2019.4.22f1/Editor/2020.3.26f1/Editor/Data/Managed'
Mono path[1] = 'C:/Program Files/Unity/Hub/Editor/2019.4.22f1/Editor/2020.3.26f1/Editor/Data/MonoBleedingEdge/lib/mono/unityjit'
Mono config path = 'C:/Program Files/Unity/Hub/Editor/2019.4.22f1/Editor/2020.3.26f1/Editor/Data/MonoBleedingEdge/etc'
Using monoOptions --debugger-agent=transport=dt_socket,embedding=1,server=y,suspend=n,address=127.0.0.1:56972
Begin MonoManager ReloadAssembly
Registering precompiled unity dll's ...
Register platform support module: C:/Program Files/Unity/Hub/Editor/2019.4.22f1/Editor/2020.3.26f1/Editor/Data/PlaybackEngines/WebGLSupport/UnityEditor.WebGL.Extensions.dll
Register platform support module: C:/Program Files/Unity/Hub/Editor/2019.4.22f1/Editor/2020.3.26f1/Editor/Data/PlaybackEngines/WindowsStandaloneSupport/UnityEditor.WindowsStandalone.Extensions.dll
Registered in 0.009334 seconds.
Native extension for WindowsStandalone target not found
Native extension for WebGL target not found
Refreshing native plugins compatible for Editor in 527.27 ms, found 3 plugins.
Preloading 0 native plugins for Editor in 0.00 ms.
Mono: successfully reloaded assembly
- Completed reload, in  2.564 seconds
Domain Reload Profiling:
	ReloadAssembly (2565ms)
		BeginReloadAssembly (232ms)
			ExecutionOrderSort (0ms)
			DisableScriptedObjects (0ms)
			BackupInstance (0ms)
			ReleaseScriptingObjects (0ms)
			CreateAndSetChildDomain (3ms)
		EndReloadAssembly (2040ms)
			LoadAssemblies (227ms)
			RebuildTransferFunctionScriptingTraits (1ms)
			SetupTypeCache (520ms)
			ReleaseScriptCaches (0ms)
			RebuildScriptCaches (120ms)
			SetupLoadedEditorAssemblies (1031ms)
				LogAssemblyErrors (0ms)
				InitializePlatformSupportModulesInManaged (23ms)
				SetLoadedEditorAssemblies (1ms)
				RefreshPlugins (527ms)
				BeforeProcessingInitializeOnLoad (65ms)
				ProcessInitializeOnLoadAttributes (318ms)
				ProcessInitializeOnLoadMethodAttributes (96ms)
				AfterProcessingInitializeOnLoad (0ms)
				EditorAssembliesLoaded (1ms)
			ExecutionOrderSort2 (0ms)
			AwakeInstancesAfterBackupRestoration (0ms)
Platform modules already initialized, skipping
Registering precompiled user dll's ...
Registered in 0.038646 seconds.
Begin MonoManager ReloadAssembly
Native extension for WindowsStandalone target not found
Native extension for WebGL target not found
Refreshing native plugins compatible for Editor in 621.82 ms, found 3 plugins.
Preloading 0 native plugins for Editor in 0.00 ms.
Mono: successfully reloaded assembly
- Completed reload, in  7.059 seconds
Domain Reload Profiling:
	ReloadAssembly (7062ms)
		BeginReloadAssembly (479ms)
			ExecutionOrderSort (0ms)
			DisableScriptedObjects (17ms)
			BackupInstance (0ms)
			ReleaseScriptingObjects (0ms)
			CreateAndSetChildDomain (55ms)
		EndReloadAssembly (6332ms)
			LoadAssemblies (442ms)
			RebuildTransferFunctionScriptingTraits (0ms)
			SetupTypeCache (1641ms)
			ReleaseScriptCaches (2ms)
			RebuildScriptCaches (517ms)
			SetupLoadedEditorAssemblies (3159ms)
				LogAssemblyErrors (0ms)
				InitializePlatformSupportModulesInManaged (18ms)
				SetLoadedEditorAssemblies (1ms)
				RefreshPlugins (622ms)
				BeforeProcessingInitializeOnLoad (474ms)
				ProcessInitializeOnLoadAttributes (914ms)
				ProcessInitializeOnLoadMethodAttributes (1110ms)
				AfterProcessingInitializeOnLoad (18ms)
				EditorAssembliesLoaded (1ms)
			ExecutionOrderSort2 (0ms)
			AwakeInstancesAfterBackupRestoration (23ms)
Platform modules already initialized, skipping
========================================================================
Worker process is ready to serve import requests
Launched and connected shader compiler UnityShaderCompiler.exe after 0.14 seconds
Refreshing native plugins compatible for Editor in 2.82 ms, found 3 plugins.
Preloading 0 native plugins for Editor in 0.00 ms.
Unloading 4856 Unused Serialized files (Serialized files now loaded: 0)
System memory in use before: 198.8 MB.
System memory in use after: 199.0 MB.

Unloading 120 unused Assets to reduce memory usage. Loaded Objects now: 5282.
Total: 9.189400 ms (FindLiveObjects: 0.507700 ms CreateObjectMapping: 0.414400 ms MarkObjects: 7.881400 ms  DeleteObjects: 0.383000 ms)

AssetImportParameters requested are different than current active one (requested -> active):
  custom:framework-win-MediaFoundation: 216162199b28c13a410421893ffa2e32 -> 
  custom:video-decoder-ogg-theora: a1e56fd34408186e4bbccfd4996cb3dc -> 
  custom:container-muxer-webm: aa71ff27fc2769a1b78a27578f13a17b -> 
  custom:container-demuxer-webm: 4f35f7cbe854078d1ac9338744f61a02 -> 
  custom:container-demuxer-ogg: 62fdf1f143b41e24485cea50d1cbac27 -> 
  custom:video-encoder-webm-vp8: eb34c28f22e8b96e1ab97ce403110664 -> 
  custom:video-decoder-webm-vp8: 9c59270c3fd7afecdb556c50c9e8de78 -> 
  custom:audio-decoder-ogg-vorbis: bf7c407c2cedff20999df2af8eb42d56 -> 
  custom:audio-encoder-webm-vorbis: bf7c407c2cedff20999df2af8eb42d56 -> 
========================================================================
Received Import Request.
  path: Assets/Resources/newCharacter/outfit/Outfit_01_48x48_09.png
  artifactKey: Guid(9956c2b3f39acd745851e2e3ecfb513a) Importer(815301076,1909f56bfc062723c751e8b465ee728b)
Start importing Assets/Resources/newCharacter/outfit/Outfit_01_48x48_09.png using Guid(9956c2b3f39acd745851e2e3ecfb513a) Importer(815301076,1909f56bfc062723c751e8b465ee728b)  -> (artifact id: 'bfa706c6d51690085e657a17623b408d') in 0.704638 seconds 
  Import took 0.732363 seconds .

========================================================================
Received Import Request.
  Time since last request: 0.000864 seconds.
  path: Assets/Resources/newCharacter/outfit/Outfit_20_48x48_01.png
  artifactKey: Guid(1342e4fe6bbf8c04e99085595f9ce5ea) Importer(815301076,1909f56bfc062723c751e8b465ee728b)
Start importing Assets/Resources/newCharacter/outfit/Outfit_20_48x48_01.png using Guid(1342e4fe6bbf8c04e99085595f9ce5ea) Importer(815301076,1909f56bfc062723c751e8b465ee728b)  -> (artifact id: 'aec392d1463d4d785132728e13c09218') in 0.232207 seconds 
  Import took 0.251032 seconds .

========================================================================
Received Import Request.
  Time since last request: 0.000329 seconds.
  path: Assets/Resources/newCharacter/outfit/Outfit_01_48x48_06.png
  artifactKey: Guid(cf5a5215793a8bb41a82743d863375d8) Importer(815301076,1909f56bfc062723c751e8b465ee728b)
Start importing Assets/Resources/newCharacter/outfit/Outfit_01_48x48_06.png using Guid(cf5a5215793a8bb41a82743d863375d8) Importer(815301076,1909f56bfc062723c751e8b465ee728b)  -> (artifact id: '1d176b67edb384d51720a06d62a53701') in 0.217186 seconds 
  Import took 0.233898 seconds .

========================================================================
Received Import Request.
  Time since last request: 0.000255 seconds.
  path: Assets/Resources/newCharacter/outfit/Outfit_19_48x48_03.png
  artifactKey: Guid(15f1d3a44a1c6284e920a5362a29a2c7) Importer(815301076,1909f56bfc062723c751e8b465ee728b)
Start importing Assets/Resources/newCharacter/outfit/Outfit_19_48x48_03.png using Guid(15f1d3a44a1c6284e920a5362a29a2c7) Importer(815301076,1909f56bfc062723c751e8b465ee728b)  -> (artifact id: '6a17c3749d58db5e7e957a841a584e87') in 0.240829 seconds 
  Import took 0.263829 seconds .

========================================================================
Received Import Request.
  Time since last request: 0.000580 seconds.
  path: Assets/Resources/newCharacter/outfit/Outfit_01_48x48_04.png
  artifactKey: Guid(b1e9d1699153b3e418b8a849942c1569) Importer(815301076,1909f56bfc062723c751e8b465ee728b)
Start importing Assets/Resources/newCharacter/outfit/Outfit_01_48x48_04.png using Guid(b1e9d1699153b3e418b8a849942c1569) Importer(815301076,1909f56bfc062723c751e8b465ee728b)  -> (artifact id: 'a523dde168b423548afa8b373cbbb8bd') in 0.311437 seconds 
  Import took 0.340629 seconds .

========================================================================
Received Import Request.
  Time since last request: 5.878060 seconds.
  path: Assets/Resources/newCharacter/outfit/Outfit_27_48x48_03.png
  artifactKey: Guid(c8b18b5feeb705d4f8344d8965260929) Importer(815301076,1909f56bfc062723c751e8b465ee728b)
Start importing Assets/Resources/newCharacter/outfit/Outfit_27_48x48_03.png using Guid(c8b18b5feeb705d4f8344d8965260929) Importer(815301076,1909f56bfc062723c751e8b465ee728b)  -> (artifact id: '49327aaef0ccf6abcad33592a460b3ba') in 0.309172 seconds 
  Import took 0.333475 seconds .

========================================================================
Received Prepare
Registering precompiled user dll's ...
Registered in 0.040149 seconds.
Begin MonoManager ReloadAssembly
Native extension for WindowsStandalone target not found
Native extension for WebGL target not found
Refreshing native plugins compatible for Editor in 2.84 ms, found 3 plugins.
Preloading 0 native plugins for Editor in 0.00 ms.
System.TypeInitializationException: The type initializer for 'Doozy.Engine.Utils.DoozyPath' threw an exception. ---> System.ArgumentException: The specified path is not of a legal form (empty).
  at System.IO.Path.InsecureGetFullPath (System.String path) [0x00025] in <695d1cc93cca45069c528c15c9fdd749>:0 
  at System.IO.Path.GetFullPathInternal (System.String path) [0x00000] in <695d1cc93cca45069c528c15c9fdd749>:0 
  at System.IO.FileInfo.Init (System.String fileName, System.Boolean checkHost) [0x00007] in <695d1cc93cca45069c528c15c9fdd749>:0 
  at System.IO.FileInfo..ctor (System.String fileName) [0x00014] in <695d1cc93cca45069c528c15c9fdd749>:0 
  at (wrapper remoting-invoke-with-check) System.IO.FileInfo..ctor(string)
  at Doozy.Engine.Utils.DoozyPath.get_BasePath () [0x0003b] in C:\Users\csviv\Desktop\unity\findOutAndroid\Assets\Doozy\Engine\Utils\DoozyPath.cs:158 
  at Doozy.Engine.Utils.DoozyPath..cctor () [0x00000] in C:\Users\csviv\Desktop\unity\findOutAndroid\Assets\Doozy\Engine\Utils\DoozyPath.cs:62 
   --- End of inner exception stack trace ---
  at Doozy.Editor.Internal.ProcessorsSettings.get_Instance () [0x00018] in C:\Users\csviv\Desktop\unity\findOutAndroid\Assets\Doozy\Editor\Internal\ProcessorsSettings.cs:23 
  at Doozy.Editor.Internal.DoozyAssetsProcessor.ExecuteProcessor () [0x0003f] in C:\Users\csviv\Desktop\unity\findOutAndroid\Assets\Doozy\Editor\Internal\DoozyAssetsProcessor.cs:44 
  at Doozy.Editor.Internal.DoozyAssetsProcessor..cctor () [0x00001] in C:\Users\csviv\Desktop\unity\findOutAndroid\Assets\Doozy\Editor\Internal\DoozyAssetsProcessor.cs:25 
UnityEngine.StackTraceUtility:ExtractStackTrace ()
UnityEngine.DebugLogHandler:LogFormat (UnityEngine.LogType,UnityEngine.Object,string,object[])
UnityEngine.Logger:Log (UnityEngine.LogType,object)
UnityEngine.Debug:LogError (object)
UnityEditor.EditorAssemblies:ProcessInitializeOnLoadAttributes (System.Type[])

System.TypeInitializationException: The type initializer for 'Doozy.Engine.Utils.DoozyPath' threw an exception. ---> System.ArgumentException: The specified path is not of a legal form (empty).
  at System.IO.Path.InsecureGetFullPath (System.String path) [0x00025] in <695d1cc93cca45069c528c15c9fdd749>:0 
  at System.IO.Path.GetFullPathInternal (System.String path) [0x00000] in <695d1cc93cca45069c528c15c9fdd749>:0 
  at System.IO.FileInfo.Init (System.String fileName, System.Boolean checkHost) [0x00007] in <695d1cc93cca45069c528c15c9fdd749>:0 
  at System.IO.FileInfo..ctor (System.String fileName) [0x00014] in <695d1cc93cca45069c528c15c9fdd749>:0 
  at (wrapper remoting-invoke-with-check) System.IO.FileInfo..ctor(string)
  at Doozy.Engine.Utils.DoozyPath.get_BasePath () [0x0003b] in C:\Users\csviv\Desktop\unity\findOutAndroid\Assets\Doozy\Engine\Utils\DoozyPath.cs:158 
  at Doozy.Engine.Utils.DoozyPath..cctor () [0x00000] in C:\Users\csviv\Desktop\unity\findOutAndroid\Assets\Doozy\Engine\Utils\DoozyPath.cs:62 
   --- End of inner exception stack trace ---
  at Doozy.Editor.Internal.ProcessorsSettings.get_Instance () [0x00018] in C:\Users\csviv\Desktop\unity\findOutAndroid\Assets\Doozy\Editor\Internal\ProcessorsSettings.cs:23 
  at Doozy.Editor.Internal.FoldersProcessor.ExecuteProcessor () [0x0000c] in C:\Users\csviv\Desktop\unity\findOutAndroid\Assets\Doozy\Editor\Internal\FoldersProcessor.cs:20 
  at Doozy.Editor.Internal.FoldersProcessor..cctor () [0x00001] in C:\Users\csviv\Desktop\unity\findOutAndroid\Assets\Doozy\Editor\Internal\FoldersProcessor.cs:15 
UnityEngine.StackTraceUtility:ExtractStackTrace ()
UnityEngine.DebugLogHandler:LogFormat (UnityEngine.LogType,UnityEngine.Object,string,object[])
UnityEngine.Logger:Log (UnityEngine.LogType,object)
UnityEngine.Debug:LogError (object)
UnityEditor.EditorAssemblies:ProcessInitializeOnLoadAttributes (System.Type[])

Mono: successfully reloaded assembly
- Completed reload, in  4.744 seconds
Domain Reload Profiling:
	ReloadAssembly (4745ms)
		BeginReloadAssembly (214ms)
			ExecutionOrderSort (0ms)
			DisableScriptedObjects (15ms)
			BackupInstance (0ms)
			ReleaseScriptingObjects (0ms)
			CreateAndSetChildDomain (72ms)
		EndReloadAssembly (4345ms)
			LoadAssemblies (363ms)
			RebuildTransferFunctionScriptingTraits (0ms)
			SetupTypeCache (1280ms)
			ReleaseScriptCaches (3ms)
			RebuildScriptCaches (224ms)
			SetupLoadedEditorAssemblies (2011ms)
				LogAssemblyErrors (0ms)
				InitializePlatformSupportModulesInManaged (22ms)
				SetLoadedEditorAssemblies (3ms)
				RefreshPlugins (3ms)
				BeforeProcessingInitializeOnLoad (405ms)
				ProcessInitializeOnLoadAttributes (1233ms)
				ProcessInitializeOnLoadMethodAttributes (332ms)
				AfterProcessingInitializeOnLoad (12ms)
				EditorAssembliesLoaded (1ms)
			ExecutionOrderSort2 (0ms)
			AwakeInstancesAfterBackupRestoration (28ms)
Platform modules already initialized, skipping
Refreshing native plugins compatible for Editor in 4.94 ms, found 3 plugins.
Preloading 0 native plugins for Editor in 0.00 ms.
Unloading 4768 Unused Serialized files (Serialized files now loaded: 0)
System memory in use before: 201.2 MB.
System memory in use after: 201.4 MB.

Unloading 101 unused Assets to reduce memory usage. Loaded Objects now: 5290.
Total: 9.791200 ms (FindLiveObjects: 0.652200 ms CreateObjectMapping: 0.436000 ms MarkObjects: 8.457300 ms  DeleteObjects: 0.243200 ms)

AssetImportParameters requested are different than current active one (requested -> active):
  custom:framework-win-MediaFoundation: 216162199b28c13a410421893ffa2e32 -> 
  custom:video-decoder-ogg-theora: a1e56fd34408186e4bbccfd4996cb3dc -> 
  custom:container-muxer-webm: aa71ff27fc2769a1b78a27578f13a17b -> 
  custom:container-demuxer-webm: 4f35f7cbe854078d1ac9338744f61a02 -> 
  custom:container-demuxer-ogg: 62fdf1f143b41e24485cea50d1cbac27 -> 
  custom:video-encoder-webm-vp8: eb34c28f22e8b96e1ab97ce403110664 -> 
  custom:video-decoder-webm-vp8: 9c59270c3fd7afecdb556c50c9e8de78 -> 
  custom:audio-decoder-ogg-vorbis: bf7c407c2cedff20999df2af8eb42d56 -> 
  custom:audio-encoder-webm-vorbis: bf7c407c2cedff20999df2af8eb42d56 -> 
========================================================================
Received Import Request.
  Time since last request: 94.456853 seconds.
  path: Assets/Resources/newCharacter/outfit/Outfit_31_48x48_02.png
  artifactKey: Guid(3c7d410b66a17654b83b57e2795e02f8) Importer(815301076,1909f56bfc062723c751e8b465ee728b)
Start importing Assets/Resources/newCharacter/outfit/Outfit_31_48x48_02.png using Guid(3c7d410b66a17654b83b57e2795e02f8) Importer(815301076,1909f56bfc062723c751e8b465ee728b)  -> (artifact id: 'cf442f2b027e3064d410628acd71fef8') in 0.468156 seconds 
  Import took 0.499273 seconds .

========================================================================
Received Import Request.
  Time since last request: 7.631813 seconds.
  path: Assets/Resources/newCharacter/outfit/Outfit_28_48x48_03 1.png
  artifactKey: Guid(c36b64a96a8e53d40af1325415111299) Importer(815301076,1909f56bfc062723c751e8b465ee728b)
Start importing Assets/Resources/newCharacter/outfit/Outfit_28_48x48_03 1.png using Guid(c36b64a96a8e53d40af1325415111299) Importer(815301076,1909f56bfc062723c751e8b465ee728b)  -> (artifact id: 'c95d4fd347e0a06606f61365e2f54071') in 0.303359 seconds 
  Import took 0.334424 seconds .

========================================================================
Received Import Request.
  Time since last request: 11.743644 seconds.
  path: Assets/Resources/newCharacter/outfit/Outfit_01_48x48_02 1.png
  artifactKey: Guid(a2af8f2ef5ac6bf4b8dd688cef250ac7) Importer(815301076,1909f56bfc062723c751e8b465ee728b)
Start importing Assets/Resources/newCharacter/outfit/Outfit_01_48x48_02 1.png using Guid(a2af8f2ef5ac6bf4b8dd688cef250ac7) Importer(815301076,1909f56bfc062723c751e8b465ee728b)  -> (artifact id: 'e366bcceda0e0de211648337e500b761') in 0.363975 seconds 
  Import took 0.388587 seconds .

========================================================================
Received Import Request.
  Time since last request: 7.892688 seconds.
  path: Assets/Resources/newCharacter/outfit/Outfit_16_48x48_02.png
  artifactKey: Guid(fb6ef4500fcf613449dd45ff9de86650) Importer(815301076,1909f56bfc062723c751e8b465ee728b)
Start importing Assets/Resources/newCharacter/outfit/Outfit_16_48x48_02.png using Guid(fb6ef4500fcf613449dd45ff9de86650) Importer(815301076,1909f56bfc062723c751e8b465ee728b)  -> (artifact id: 'fced3236160128f2e416c18ca6d92ce4') in 0.348618 seconds 
  Import took 0.375434 seconds .

========================================================================
Received Import Request.
  Time since last request: 5.654025 seconds.
  path: Assets/Resources/newCharacter/outfit/Outfit_25_48x48_05.png
  artifactKey: Guid(92d9383ab92fda84ba6d5fa1adc10f3a) Importer(815301076,1909f56bfc062723c751e8b465ee728b)
Start importing Assets/Resources/newCharacter/outfit/Outfit_25_48x48_05.png using Guid(92d9383ab92fda84ba6d5fa1adc10f3a) Importer(815301076,1909f56bfc062723c751e8b465ee728b)  -> (artifact id: '659039023c593fef197a27024b4560b6') in 0.308748 seconds 
  Import took 0.334649 seconds .

========================================================================
Received Import Request.
  Time since last request: 6.016286 seconds.
  path: Assets/Resources/newCharacter/outfit/Outfit_01_48x48_04 1.png
  artifactKey: Guid(1c6db39c7bb19644880bb3ea5d806e98) Importer(815301076,1909f56bfc062723c751e8b465ee728b)
Start importing Assets/Resources/newCharacter/outfit/Outfit_01_48x48_04 1.png using Guid(1c6db39c7bb19644880bb3ea5d806e98) Importer(815301076,1909f56bfc062723c751e8b465ee728b)  -> (artifact id: 'b78e8d7d196a1af728cb44f646dd8549') in 0.310616 seconds 
  Import took 0.339562 seconds .

========================================================================
Received Import Request.
  Time since last request: 2.733890 seconds.
  path: Assets/Resources/newCharacter/outfit/Outfit_10_48x48_04.png
  artifactKey: Guid(da91cc48a3d1f864e8272a98c34d4890) Importer(815301076,1909f56bfc062723c751e8b465ee728b)
Start importing Assets/Resources/newCharacter/outfit/Outfit_10_48x48_04.png using Guid(da91cc48a3d1f864e8272a98c34d4890) Importer(815301076,1909f56bfc062723c751e8b465ee728b)  -> (artifact id: 'aa6251f2d8ceaaec744cd03521754215') in 0.337527 seconds 
  Import took 0.367440 seconds .

========================================================================
Received Import Request.
  Time since last request: 14.005207 seconds.
  path: Assets/Resources/newCharacter/hair/Hairstyle_01_48x48_04.png
  artifactKey: Guid(38d35a3f5a1b24147b6e583f0b4f60b2) Importer(815301076,1909f56bfc062723c751e8b465ee728b)
Start importing Assets/Resources/newCharacter/hair/Hairstyle_01_48x48_04.png using Guid(38d35a3f5a1b24147b6e583f0b4f60b2) Importer(815301076,1909f56bfc062723c751e8b465ee728b)  -> (artifact id: '9d775a0c18e1f32960333fd8e46eba3c') in 0.340729 seconds 
  Import took 0.368821 seconds .

========================================================================
Received Import Request.
  Time since last request: 0.000485 seconds.
  path: Assets/Resources/newCharacter/hair/Hairstyle_02_48x48_04.png
  artifactKey: Guid(99a957a997984df4c805916b5367663a) Importer(815301076,1909f56bfc062723c751e8b465ee728b)
Start importing Assets/Resources/newCharacter/hair/Hairstyle_02_48x48_04.png using Guid(99a957a997984df4c805916b5367663a) Importer(815301076,1909f56bfc062723c751e8b465ee728b)  -> (artifact id: 'fe06ab901955059748f8e15d582a97e7') in 0.308751 seconds 
  Import took 0.335284 seconds .

========================================================================
Received Import Request.
  Time since last request: 0.353393 seconds.
  path: Assets/Resources/newCharacter/hair/Hairstyle_01_48x48_02.png
  artifactKey: Guid(89c82d2816243c44281f0684436ed3fc) Importer(815301076,1909f56bfc062723c751e8b465ee728b)
Start importing Assets/Resources/newCharacter/hair/Hairstyle_01_48x48_02.png using Guid(89c82d2816243c44281f0684436ed3fc) Importer(815301076,1909f56bfc062723c751e8b465ee728b)  -> (artifact id: 'ccc62833619ecf37ec72b047c88b9723') in 0.219122 seconds 
  Import took 0.241658 seconds .

========================================================================
Received Import Request.
  Time since last request: 0.581178 seconds.
  path: Assets/Resources/newCharacter/hair/Hairstyle_01_48x48_06.png
  artifactKey: Guid(802a351fcac656a42b62407521cee865) Importer(815301076,1909f56bfc062723c751e8b465ee728b)
Start importing Assets/Resources/newCharacter/hair/Hairstyle_01_48x48_06.png using Guid(802a351fcac656a42b62407521cee865) Importer(815301076,1909f56bfc062723c751e8b465ee728b)  -> (artifact id: '693961720c4e767d8c5cb2ca3bb8d8db') in 0.343908 seconds 
  Import took 0.375390 seconds .

========================================================================
Received Import Request.
  Time since last request: 0.999789 seconds.
  path: Assets/Resources/newCharacter/hair/Hairstyle_02_48x48_02.png
  artifactKey: Guid(3700c00f5cfdfe1488dc2bdfd1c3f07c) Importer(815301076,1909f56bfc062723c751e8b465ee728b)
Start importing Assets/Resources/newCharacter/hair/Hairstyle_02_48x48_02.png using Guid(3700c00f5cfdfe1488dc2bdfd1c3f07c) Importer(815301076,1909f56bfc062723c751e8b465ee728b)  -> (artifact id: 'dbb62a55ea3732ace9268805499fc25a') in 0.347293 seconds 
  Import took 0.379405 seconds .

========================================================================
Received Import Request.
  Time since last request: 1.697830 seconds.
  path: Assets/Resources/newCharacter/hair/Hairstyle_04_48x48_01.png
  artifactKey: Guid(6a2e8abb9b58f1d4a83dc003cb5e099c) Importer(815301076,1909f56bfc062723c751e8b465ee728b)
Start importing Assets/Resources/newCharacter/hair/Hairstyle_04_48x48_01.png using Guid(6a2e8abb9b58f1d4a83dc003cb5e099c) Importer(815301076,1909f56bfc062723c751e8b465ee728b)  -> (artifact id: 'af5272d54354e553acc8547ad8882aee') in 0.333324 seconds 
  Import took 0.354138 seconds .

========================================================================
Received Import Request.
  Time since last request: 57.391737 seconds.
  path: Assets/Resources/newCharacter/hair/Hairstyle_23_48x48_06.png
  artifactKey: Guid(0256b454eb35da34e8089fe22dc47f91) Importer(815301076,1909f56bfc062723c751e8b465ee728b)
Start importing Assets/Resources/newCharacter/hair/Hairstyle_23_48x48_06.png using Guid(0256b454eb35da34e8089fe22dc47f91) Importer(815301076,1909f56bfc062723c751e8b465ee728b)  -> (artifact id: '73491b907143de4608c34e3a9d94af8e') in 0.317379 seconds 
  Import took 0.343672 seconds .

========================================================================
Received Import Request.
  Time since last request: 5.548469 seconds.
  path: Assets/Resources/newCharacter/hair/Hairstyle_28_48x48_01.png
  artifactKey: Guid(0587f6507548e6b4c92321c0241f65ea) Importer(815301076,1909f56bfc062723c751e8b465ee728b)
Start importing Assets/Resources/newCharacter/hair/Hairstyle_28_48x48_01.png using Guid(0587f6507548e6b4c92321c0241f65ea) Importer(815301076,1909f56bfc062723c751e8b465ee728b)  -> (artifact id: '595c3b0deb76a2295838d1d869ca607b') in 0.353910 seconds 
  Import took 0.378493 seconds .

========================================================================
Received Import Request.
  Time since last request: 22.402489 seconds.
  path: Assets/Resources/newCharacter/hair/Hairstyle_01_48x48_02 1.png
  artifactKey: Guid(283d1d79ae68a7f4d8095cab0a652b81) Importer(815301076,1909f56bfc062723c751e8b465ee728b)
Start importing Assets/Resources/newCharacter/hair/Hairstyle_01_48x48_02 1.png using Guid(283d1d79ae68a7f4d8095cab0a652b81) Importer(815301076,1909f56bfc062723c751e8b465ee728b)  -> (artifact id: 'cdbd25050ff05969f7a1b04836d8e465') in 0.388093 seconds 
  Import took 0.422989 seconds .

========================================================================
Received Import Request.
  Time since last request: 1.668974 seconds.
  path: Assets/Resources/newCharacter/hair/Hairstyle_03_48x48_01.png
  artifactKey: Guid(b1df17c68f8494e41ad7eaafecc2ff06) Importer(815301076,1909f56bfc062723c751e8b465ee728b)
Start importing Assets/Resources/newCharacter/hair/Hairstyle_03_48x48_01.png using Guid(b1df17c68f8494e41ad7eaafecc2ff06) Importer(815301076,1909f56bfc062723c751e8b465ee728b)  -> (artifact id: '39ac498259ff18a0c3a9b0738bbc697f') in 0.336807 seconds 
  Import took 0.369341 seconds .

========================================================================
Received Import Request.
  Time since last request: 1.021641 seconds.
  path: Assets/Resources/newCharacter/hair/Hairstyle_04_48x48_04.png
  artifactKey: Guid(5de75389b1ae919459231d0a156d50c9) Importer(815301076,1909f56bfc062723c751e8b465ee728b)
Start importing Assets/Resources/newCharacter/hair/Hairstyle_04_48x48_04.png using Guid(5de75389b1ae919459231d0a156d50c9) Importer(815301076,1909f56bfc062723c751e8b465ee728b)  -> (artifact id: 'dd7b6d83b0432f7408ddc7d8f4e36c70') in 0.390651 seconds 
  Import took 0.422554 seconds .

========================================================================
Received Import Request.
  Time since last request: 1.661718 seconds.
  path: Assets/Resources/newCharacter/hair/Hairstyle_04_48x48_03.png
  artifactKey: Guid(3d84e2421ce59f7489b84981556461e8) Importer(815301076,1909f56bfc062723c751e8b465ee728b)
Start importing Assets/Resources/newCharacter/hair/Hairstyle_04_48x48_03.png using Guid(3d84e2421ce59f7489b84981556461e8) Importer(815301076,1909f56bfc062723c751e8b465ee728b)  -> (artifact id: '19262d7a53390592d9c82fa57443c9e8') in 0.339013 seconds 
  Import took 0.364755 seconds .

========================================================================
Received Import Request.
  Time since last request: 0.865568 seconds.
  path: Assets/Resources/newCharacter/hair/Hairstyle_05_48x48_05.png
  artifactKey: Guid(31007d554d4a0f044bd8a923bb40618f) Importer(815301076,1909f56bfc062723c751e8b465ee728b)
Start importing Assets/Resources/newCharacter/hair/Hairstyle_05_48x48_05.png using Guid(31007d554d4a0f044bd8a923bb40618f) Importer(815301076,1909f56bfc062723c751e8b465ee728b)  -> (artifact id: '09d9ad9a84751c0017673e41121a7889') in 0.232370 seconds 
  Import took 0.250834 seconds .

========================================================================
Received Import Request.
  Time since last request: 6.386773 seconds.
  path: Assets/Resources/newCharacter/hair/Hairstyle_13_48x48_07.png
  artifactKey: Guid(b0e8200eb91598944ad9b39470dce036) Importer(815301076,1909f56bfc062723c751e8b465ee728b)
Start importing Assets/Resources/newCharacter/hair/Hairstyle_13_48x48_07.png using Guid(b0e8200eb91598944ad9b39470dce036) Importer(815301076,1909f56bfc062723c751e8b465ee728b)  -> (artifact id: 'd29e67e2f77b3d2eb78579d9bab2c35e') in 0.375724 seconds 
  Import took 0.402807 seconds .

========================================================================
Received Prepare
Registering precompiled user dll's ...
Registered in 0.010825 seconds.
Begin MonoManager ReloadAssembly
Native extension for WindowsStandalone target not found
Native extension for WebGL target not found
Refreshing native plugins compatible for Editor in 2.96 ms, found 3 plugins.
Preloading 0 native plugins for Editor in 0.00 ms.
System.TypeInitializationException: The type initializer for 'Doozy.Engine.Utils.DoozyPath' threw an exception. ---> System.ArgumentException: The specified path is not of a legal form (empty).
  at System.IO.Path.InsecureGetFullPath (System.String path) [0x00025] in <695d1cc93cca45069c528c15c9fdd749>:0 
  at System.IO.Path.GetFullPathInternal (System.String path) [0x00000] in <695d1cc93cca45069c528c15c9fdd749>:0 
  at System.IO.FileInfo.Init (System.String fileName, System.Boolean checkHost) [0x00007] in <695d1cc93cca45069c528c15c9fdd749>:0 
  at System.IO.FileInfo..ctor (System.String fileName) [0x00014] in <695d1cc93cca45069c528c15c9fdd749>:0 
  at (wrapper remoting-invoke-with-check) System.IO.FileInfo..ctor(string)
  at Doozy.Engine.Utils.DoozyPath.get_BasePath () [0x0003b] in C:\Users\csviv\Desktop\unity\findOutAndroid\Assets\Doozy\Engine\Utils\DoozyPath.cs:158 
  at Doozy.Engine.Utils.DoozyPath..cctor () [0x00000] in C:\Users\csviv\Desktop\unity\findOutAndroid\Assets\Doozy\Engine\Utils\DoozyPath.cs:62 
   --- End of inner exception stack trace ---
  at Doozy.Editor.Internal.ProcessorsSettings.get_Instance () [0x00018] in C:\Users\csviv\Desktop\unity\findOutAndroid\Assets\Doozy\Editor\Internal\ProcessorsSettings.cs:23 
  at Doozy.Editor.Internal.DoozyAssetsProcessor.ExecuteProcessor () [0x0003f] in C:\Users\csviv\Desktop\unity\findOutAndroid\Assets\Doozy\Editor\Internal\DoozyAssetsProcessor.cs:44 
  at Doozy.Editor.Internal.DoozyAssetsProcessor..cctor () [0x00001] in C:\Users\csviv\Desktop\unity\findOutAndroid\Assets\Doozy\Editor\Internal\DoozyAssetsProcessor.cs:25 
UnityEngine.StackTraceUtility:ExtractStackTrace ()
UnityEngine.DebugLogHandler:LogFormat (UnityEngine.LogType,UnityEngine.Object,string,object[])
UnityEngine.Logger:Log (UnityEngine.LogType,object)
UnityEngine.Debug:LogError (object)
UnityEditor.EditorAssemblies:ProcessInitializeOnLoadAttributes (System.Type[])

System.TypeInitializationException: The type initializer for 'Doozy.Engine.Utils.DoozyPath' threw an exception. ---> System.ArgumentException: The specified path is not of a legal form (empty).
  at System.IO.Path.InsecureGetFullPath (System.String path) [0x00025] in <695d1cc93cca45069c528c15c9fdd749>:0 
  at System.IO.Path.GetFullPathInternal (System.String path) [0x00000] in <695d1cc93cca45069c528c15c9fdd749>:0 
  at System.IO.FileInfo.Init (System.String fileName, System.Boolean checkHost) [0x00007] in <695d1cc93cca45069c528c15c9fdd749>:0 
  at System.IO.FileInfo..ctor (System.String fileName) [0x00014] in <695d1cc93cca45069c528c15c9fdd749>:0 
  at (wrapper remoting-invoke-with-check) System.IO.FileInfo..ctor(string)
  at Doozy.Engine.Utils.DoozyPath.get_BasePath () [0x0003b] in C:\Users\csviv\Desktop\unity\findOutAndroid\Assets\Doozy\Engine\Utils\DoozyPath.cs:158 
  at Doozy.Engine.Utils.DoozyPath..cctor () [0x00000] in C:\Users\csviv\Desktop\unity\findOutAndroid\Assets\Doozy\Engine\Utils\DoozyPath.cs:62 
   --- End of inner exception stack trace ---
  at Doozy.Editor.Internal.ProcessorsSettings.get_Instance () [0x00018] in C:\Users\csviv\Desktop\unity\findOutAndroid\Assets\Doozy\Editor\Internal\ProcessorsSettings.cs:23 
  at Doozy.Editor.Internal.FoldersProcessor.ExecuteProcessor () [0x0000c] in C:\Users\csviv\Desktop\unity\findOutAndroid\Assets\Doozy\Editor\Internal\FoldersProcessor.cs:20 
  at Doozy.Editor.Internal.FoldersProcessor..cctor () [0x00001] in C:\Users\csviv\Desktop\unity\findOutAndroid\Assets\Doozy\Editor\Internal\FoldersProcessor.cs:15 
UnityEngine.StackTraceUtility:ExtractStackTrace ()
UnityEngine.DebugLogHandler:LogFormat (UnityEngine.LogType,UnityEngine.Object,string,object[])
UnityEngine.Logger:Log (UnityEngine.LogType,object)
UnityEngine.Debug:LogError (object)
UnityEditor.EditorAssemblies:ProcessInitializeOnLoadAttributes (System.Type[])

Mono: successfully reloaded assembly
- Completed reload, in  4.616 seconds
Domain Reload Profiling:
	ReloadAssembly (4618ms)
		BeginReloadAssembly (474ms)
			ExecutionOrderSort (0ms)
			DisableScriptedObjects (33ms)
			BackupInstance (0ms)
			ReleaseScriptingObjects (0ms)
			CreateAndSetChildDomain (161ms)
		EndReloadAssembly (3912ms)
			LoadAssemblies (384ms)
			RebuildTransferFunctionScriptingTraits (0ms)
			SetupTypeCache (1221ms)
			ReleaseScriptCaches (4ms)
			RebuildScriptCaches (330ms)
			SetupLoadedEditorAssemblies (1673ms)
				LogAssemblyErrors (0ms)
				InitializePlatformSupportModulesInManaged (22ms)
				SetLoadedEditorAssemblies (4ms)
				RefreshPlugins (3ms)
				BeforeProcessingInitializeOnLoad (397ms)
				ProcessInitializeOnLoadAttributes (916ms)
				ProcessInitializeOnLoadMethodAttributes (311ms)
				AfterProcessingInitializeOnLoad (19ms)
				EditorAssembliesLoaded (1ms)
			ExecutionOrderSort2 (0ms)
			AwakeInstancesAfterBackupRestoration (33ms)
Platform modules already initialized, skipping
Refreshing native plugins compatible for Editor in 2.92 ms, found 3 plugins.
Preloading 0 native plugins for Editor in 0.00 ms.
Unloading 4768 Unused Serialized files (Serialized files now loaded: 0)
System memory in use before: 201.5 MB.
System memory in use after: 201.8 MB.

Unloading 100 unused Assets to reduce memory usage. Loaded Objects now: 5293.
Total: 10.034500 ms (FindLiveObjects: 0.618800 ms CreateObjectMapping: 0.561900 ms MarkObjects: 8.650900 ms  DeleteObjects: 0.199900 ms)

AssetImportParameters requested are different than current active one (requested -> active):
  custom:framework-win-MediaFoundation: 216162199b28c13a410421893ffa2e32 -> 
  custom:video-decoder-ogg-theora: a1e56fd34408186e4bbccfd4996cb3dc -> 
  custom:container-muxer-webm: aa71ff27fc2769a1b78a27578f13a17b -> 
  custom:container-demuxer-webm: 4f35f7cbe854078d1ac9338744f61a02 -> 
  custom:container-demuxer-ogg: 62fdf1f143b41e24485cea50d1cbac27 -> 
  custom:video-encoder-webm-vp8: eb34c28f22e8b96e1ab97ce403110664 -> 
  custom:video-decoder-webm-vp8: 9c59270c3fd7afecdb556c50c9e8de78 -> 
  custom:audio-decoder-ogg-vorbis: bf7c407c2cedff20999df2af8eb42d56 -> 
  custom:audio-encoder-webm-vorbis: bf7c407c2cedff20999df2af8eb42d56 -> 
========================================================================
Received Prepare
Registering precompiled user dll's ...
Registered in 0.012599 seconds.
Begin MonoManager ReloadAssembly
Native extension for WindowsStandalone target not found
Native extension for WebGL target not found
Refreshing native plugins compatible for Editor in 3.03 ms, found 3 plugins.
Preloading 0 native plugins for Editor in 0.00 ms.
System.TypeInitializationException: The type initializer for 'Doozy.Engine.Utils.DoozyPath' threw an exception. ---> System.ArgumentException: The specified path is not of a legal form (empty).
  at System.IO.Path.InsecureGetFullPath (System.String path) [0x00025] in <695d1cc93cca45069c528c15c9fdd749>:0 
  at System.IO.Path.GetFullPathInternal (System.String path) [0x00000] in <695d1cc93cca45069c528c15c9fdd749>:0 
  at System.IO.FileInfo.Init (System.String fileName, System.Boolean checkHost) [0x00007] in <695d1cc93cca45069c528c15c9fdd749>:0 
  at System.IO.FileInfo..ctor (System.String fileName) [0x00014] in <695d1cc93cca45069c528c15c9fdd749>:0 
  at (wrapper remoting-invoke-with-check) System.IO.FileInfo..ctor(string)
  at Doozy.Engine.Utils.DoozyPath.get_BasePath () [0x0003b] in C:\Users\csviv\Desktop\unity\findOutAndroid\Assets\Doozy\Engine\Utils\DoozyPath.cs:158 
  at Doozy.Engine.Utils.DoozyPath..cctor () [0x00000] in C:\Users\csviv\Desktop\unity\findOutAndroid\Assets\Doozy\Engine\Utils\DoozyPath.cs:62 
   --- End of inner exception stack trace ---
  at Doozy.Editor.Internal.ProcessorsSettings.get_Instance () [0x00018] in C:\Users\csviv\Desktop\unity\findOutAndroid\Assets\Doozy\Editor\Internal\ProcessorsSettings.cs:23 
  at Doozy.Editor.Internal.DoozyAssetsProcessor.ExecuteProcessor () [0x0003f] in C:\Users\csviv\Desktop\unity\findOutAndroid\Assets\Doozy\Editor\Internal\DoozyAssetsProcessor.cs:44 
  at Doozy.Editor.Internal.DoozyAssetsProcessor..cctor () [0x00001] in C:\Users\csviv\Desktop\unity\findOutAndroid\Assets\Doozy\Editor\Internal\DoozyAssetsProcessor.cs:25 
UnityEngine.StackTraceUtility:ExtractStackTrace ()
UnityEngine.DebugLogHandler:LogFormat (UnityEngine.LogType,UnityEngine.Object,string,object[])
UnityEngine.Logger:Log (UnityEngine.LogType,object)
UnityEngine.Debug:LogError (object)
UnityEditor.EditorAssemblies:ProcessInitializeOnLoadAttributes (System.Type[])

System.TypeInitializationException: The type initializer for 'Doozy.Engine.Utils.DoozyPath' threw an exception. ---> System.ArgumentException: The specified path is not of a legal form (empty).
  at System.IO.Path.InsecureGetFullPath (System.String path) [0x00025] in <695d1cc93cca45069c528c15c9fdd749>:0 
  at System.IO.Path.GetFullPathInternal (System.String path) [0x00000] in <695d1cc93cca45069c528c15c9fdd749>:0 
  at System.IO.FileInfo.Init (System.String fileName, System.Boolean checkHost) [0x00007] in <695d1cc93cca45069c528c15c9fdd749>:0 
  at System.IO.FileInfo..ctor (System.String fileName) [0x00014] in <695d1cc93cca45069c528c15c9fdd749>:0 
  at (wrapper remoting-invoke-with-check) System.IO.FileInfo..ctor(string)
  at Doozy.Engine.Utils.DoozyPath.get_BasePath () [0x0003b] in C:\Users\csviv\Desktop\unity\findOutAndroid\Assets\Doozy\Engine\Utils\DoozyPath.cs:158 
  at Doozy.Engine.Utils.DoozyPath..cctor () [0x00000] in C:\Users\csviv\Desktop\unity\findOutAndroid\Assets\Doozy\Engine\Utils\DoozyPath.cs:62 
   --- End of inner exception stack trace ---
  at Doozy.Editor.Internal.ProcessorsSettings.get_Instance () [0x00018] in C:\Users\csviv\Desktop\unity\findOutAndroid\Assets\Doozy\Editor\Internal\ProcessorsSettings.cs:23 
  at Doozy.Editor.Internal.FoldersProcessor.ExecuteProcessor () [0x0000c] in C:\Users\csviv\Desktop\unity\findOutAndroid\Assets\Doozy\Editor\Internal\FoldersProcessor.cs:20 
  at Doozy.Editor.Internal.FoldersProcessor..cctor () [0x00001] in C:\Users\csviv\Desktop\unity\findOutAndroid\Assets\Doozy\Editor\Internal\FoldersProcessor.cs:15 
UnityEngine.StackTraceUtility:ExtractStackTrace ()
UnityEngine.DebugLogHandler:LogFormat (UnityEngine.LogType,UnityEngine.Object,string,object[])
UnityEngine.Logger:Log (UnityEngine.LogType,object)
UnityEngine.Debug:LogError (object)
UnityEditor.EditorAssemblies:ProcessInitializeOnLoadAttributes (System.Type[])

Mono: successfully reloaded assembly
- Completed reload, in  4.406 seconds
Domain Reload Profiling:
	ReloadAssembly (4407ms)
		BeginReloadAssembly (394ms)
			ExecutionOrderSort (0ms)
			DisableScriptedObjects (24ms)
			BackupInstance (0ms)
			ReleaseScriptingObjects (0ms)
			CreateAndSetChildDomain (131ms)
		EndReloadAssembly (3805ms)
			LoadAssemblies (325ms)
			RebuildTransferFunctionScriptingTraits (0ms)
			SetupTypeCache (1223ms)
			ReleaseScriptCaches (4ms)
			RebuildScriptCaches (239ms)
			SetupLoadedEditorAssemblies (1671ms)
				LogAssemblyErrors (0ms)
				InitializePlatformSupportModulesInManaged (20ms)
				SetLoadedEditorAssemblies (2ms)
				RefreshPlugins (3ms)
				BeforeProcessingInitializeOnLoad (387ms)
				ProcessInitializeOnLoadAttributes (921ms)
				ProcessInitializeOnLoadMethodAttributes (318ms)
				AfterProcessingInitializeOnLoad (19ms)
				EditorAssembliesLoaded (1ms)
			ExecutionOrderSort2 (0ms)
			AwakeInstancesAfterBackupRestoration (33ms)
Platform modules already initialized, skipping
Refreshing native plugins compatible for Editor in 3.08 ms, found 3 plugins.
Preloading 0 native plugins for Editor in 0.00 ms.
Unloading 4768 Unused Serialized files (Serialized files now loaded: 0)
System memory in use before: 200.8 MB.
System memory in use after: 201.1 MB.

Unloading 100 unused Assets to reduce memory usage. Loaded Objects now: 5295.
Total: 10.320400 ms (FindLiveObjects: 0.652300 ms CreateObjectMapping: 0.476100 ms MarkObjects: 8.997800 ms  DeleteObjects: 0.190900 ms)

AssetImportParameters requested are different than current active one (requested -> active):
  custom:framework-win-MediaFoundation: 216162199b28c13a410421893ffa2e32 -> 
  custom:video-decoder-ogg-theora: a1e56fd34408186e4bbccfd4996cb3dc -> 
  custom:container-muxer-webm: aa71ff27fc2769a1b78a27578f13a17b -> 
  custom:container-demuxer-webm: 4f35f7cbe854078d1ac9338744f61a02 -> 
  custom:container-demuxer-ogg: 62fdf1f143b41e24485cea50d1cbac27 -> 
  custom:video-encoder-webm-vp8: eb34c28f22e8b96e1ab97ce403110664 -> 
  custom:video-decoder-webm-vp8: 9c59270c3fd7afecdb556c50c9e8de78 -> 
  custom:audio-decoder-ogg-vorbis: bf7c407c2cedff20999df2af8eb42d56 -> 
  custom:audio-encoder-webm-vorbis: bf7c407c2cedff20999df2af8eb42d56 -> 
========================================================================
Received Prepare
Registering precompiled user dll's ...
Registered in 0.014981 seconds.
Begin MonoManager ReloadAssembly
Native extension for WindowsStandalone target not found
Native extension for WebGL target not found
Refreshing native plugins compatible for Editor in 2.65 ms, found 3 plugins.
Preloading 0 native plugins for Editor in 0.00 ms.
System.TypeInitializationException: The type initializer for 'Doozy.Engine.Utils.DoozyPath' threw an exception. ---> System.ArgumentException: The specified path is not of a legal form (empty).
  at System.IO.Path.InsecureGetFullPath (System.String path) [0x00025] in <695d1cc93cca45069c528c15c9fdd749>:0 
  at System.IO.Path.GetFullPathInternal (System.String path) [0x00000] in <695d1cc93cca45069c528c15c9fdd749>:0 
  at System.IO.FileInfo.Init (System.String fileName, System.Boolean checkHost) [0x00007] in <695d1cc93cca45069c528c15c9fdd749>:0 
  at System.IO.FileInfo..ctor (System.String fileName) [0x00014] in <695d1cc93cca45069c528c15c9fdd749>:0 
  at (wrapper remoting-invoke-with-check) System.IO.FileInfo..ctor(string)
  at Doozy.Engine.Utils.DoozyPath.get_BasePath () [0x0003b] in C:\Users\csviv\Desktop\unity\findOutAndroid\Assets\Doozy\Engine\Utils\DoozyPath.cs:158 
  at Doozy.Engine.Utils.DoozyPath..cctor () [0x00000] in C:\Users\csviv\Desktop\unity\findOutAndroid\Assets\Doozy\Engine\Utils\DoozyPath.cs:62 
   --- End of inner exception stack trace ---
  at Doozy.Editor.Internal.ProcessorsSettings.get_Instance () [0x00018] in C:\Users\csviv\Desktop\unity\findOutAndroid\Assets\Doozy\Editor\Internal\ProcessorsSettings.cs:23 
  at Doozy.Editor.Internal.DoozyAssetsProcessor.ExecuteProcessor () [0x0003f] in C:\Users\csviv\Desktop\unity\findOutAndroid\Assets\Doozy\Editor\Internal\DoozyAssetsProcessor.cs:44 
  at Doozy.Editor.Internal.DoozyAssetsProcessor..cctor () [0x00001] in C:\Users\csviv\Desktop\unity\findOutAndroid\Assets\Doozy\Editor\Internal\DoozyAssetsProcessor.cs:25 
UnityEngine.StackTraceUtility:ExtractStackTrace ()
UnityEngine.DebugLogHandler:LogFormat (UnityEngine.LogType,UnityEngine.Object,string,object[])
UnityEngine.Logger:Log (UnityEngine.LogType,object)
UnityEngine.Debug:LogError (object)
UnityEditor.EditorAssemblies:ProcessInitializeOnLoadAttributes (System.Type[])

System.TypeInitializationException: The type initializer for 'Doozy.Engine.Utils.DoozyPath' threw an exception. ---> System.ArgumentException: The specified path is not of a legal form (empty).
  at System.IO.Path.InsecureGetFullPath (System.String path) [0x00025] in <695d1cc93cca45069c528c15c9fdd749>:0 
  at System.IO.Path.GetFullPathInternal (System.String path) [0x00000] in <695d1cc93cca45069c528c15c9fdd749>:0 
  at System.IO.FileInfo.Init (System.String fileName, System.Boolean checkHost) [0x00007] in <695d1cc93cca45069c528c15c9fdd749>:0 
  at System.IO.FileInfo..ctor (System.String fileName) [0x00014] in <695d1cc93cca45069c528c15c9fdd749>:0 
  at (wrapper remoting-invoke-with-check) System.IO.FileInfo..ctor(string)
  at Doozy.Engine.Utils.DoozyPath.get_BasePath () [0x0003b] in C:\Users\csviv\Desktop\unity\findOutAndroid\Assets\Doozy\Engine\Utils\DoozyPath.cs:158 
  at Doozy.Engine.Utils.DoozyPath..cctor () [0x00000] in C:\Users\csviv\Desktop\unity\findOutAndroid\Assets\Doozy\Engine\Utils\DoozyPath.cs:62 
   --- End of inner exception stack trace ---
  at Doozy.Editor.Internal.ProcessorsSettings.get_Instance () [0x00018] in C:\Users\csviv\Desktop\unity\findOutAndroid\Assets\Doozy\Editor\Internal\ProcessorsSettings.cs:23 
  at Doozy.Editor.Internal.FoldersProcessor.ExecuteProcessor () [0x0000c] in C:\Users\csviv\Desktop\unity\findOutAndroid\Assets\Doozy\Editor\Internal\FoldersProcessor.cs:20 
  at Doozy.Editor.Internal.FoldersProcessor..cctor () [0x00001] in C:\Users\csviv\Desktop\unity\findOutAndroid\Assets\Doozy\Editor\Internal\FoldersProcessor.cs:15 
UnityEngine.StackTraceUtility:ExtractStackTrace ()
UnityEngine.DebugLogHandler:LogFormat (UnityEngine.LogType,UnityEngine.Object,string,object[])
UnityEngine.Logger:Log (UnityEngine.LogType,object)
UnityEngine.Debug:LogError (object)
UnityEditor.EditorAssemblies:ProcessInitializeOnLoadAttributes (System.Type[])

Mono: successfully reloaded assembly
- Completed reload, in  4.398 seconds
Domain Reload Profiling:
	ReloadAssembly (4400ms)
		BeginReloadAssembly (224ms)
			ExecutionOrderSort (0ms)
			DisableScriptedObjects (15ms)
			BackupInstance (0ms)
			ReleaseScriptingObjects (0ms)
			CreateAndSetChildDomain (82ms)
		EndReloadAssembly (4011ms)
			LoadAssemblies (580ms)
			RebuildTransferFunctionScriptingTraits (0ms)
			SetupTypeCache (1658ms)
			ReleaseScriptCaches (3ms)
			RebuildScriptCaches (269ms)
			SetupLoadedEditorAssemblies (1107ms)
				LogAssemblyErrors (0ms)
				InitializePlatformSupportModulesInManaged (28ms)
				SetLoadedEditorAssemblies (2ms)
				RefreshPlugins (3ms)
				BeforeProcessingInitializeOnLoad (319ms)
				ProcessInitializeOnLoadAttributes (542ms)
				ProcessInitializeOnLoadMethodAttributes (199ms)
				AfterProcessingInitializeOnLoad (13ms)
				EditorAssembliesLoaded (1ms)
			ExecutionOrderSort2 (0ms)
			AwakeInstancesAfterBackupRestoration (17ms)
Platform modules already initialized, skipping
Refreshing native plugins compatible for Editor in 2.65 ms, found 3 plugins.
Preloading 0 native plugins for Editor in 0.00 ms.
Unloading 4768 Unused Serialized files (Serialized files now loaded: 0)
System memory in use before: 200.8 MB.
System memory in use after: 201.1 MB.

Unloading 100 unused Assets to reduce memory usage. Loaded Objects now: 5297.
Total: 11.147000 ms (FindLiveObjects: 0.526500 ms CreateObjectMapping: 0.393500 ms MarkObjects: 10.022500 ms  DeleteObjects: 0.200800 ms)

AssetImportParameters requested are different than current active one (requested -> active):
  custom:framework-win-MediaFoundation: 216162199b28c13a410421893ffa2e32 -> 
  custom:video-decoder-ogg-theora: a1e56fd34408186e4bbccfd4996cb3dc -> 
  custom:container-muxer-webm: aa71ff27fc2769a1b78a27578f13a17b -> 
  custom:container-demuxer-webm: 4f35f7cbe854078d1ac9338744f61a02 -> 
  custom:container-demuxer-ogg: 62fdf1f143b41e24485cea50d1cbac27 -> 
  custom:video-encoder-webm-vp8: eb34c28f22e8b96e1ab97ce403110664 -> 
  custom:video-decoder-webm-vp8: 9c59270c3fd7afecdb556c50c9e8de78 -> 
  custom:audio-decoder-ogg-vorbis: bf7c407c2cedff20999df2af8eb42d56 -> 
  custom:audio-encoder-webm-vorbis: bf7c407c2cedff20999df2af8eb42d56 -> 
========================================================================
Received Prepare
Refreshing native plugins compatible for Editor in 7.50 ms, found 3 plugins.
Preloading 0 native plugins for Editor in 0.00 ms.
Unloading 19 Unused Serialized files (Serialized files now loaded: 0)
System memory in use before: 100.1 MB.
System memory in use after: 100.4 MB.

Unloading 19 unused Assets to reduce memory usage. Loaded Objects now: 5297.
Total: 5.472300 ms (FindLiveObjects: 0.571500 ms CreateObjectMapping: 0.430700 ms MarkObjects: 4.439500 ms  DeleteObjects: 0.029200 ms)

AssetImportParameters requested are different than current active one (requested -> active):
  custom:framework-win-MediaFoundation: 216162199b28c13a410421893ffa2e32 -> 
  custom:video-decoder-ogg-theora: a1e56fd34408186e4bbccfd4996cb3dc -> 
  custom:container-muxer-webm: aa71ff27fc2769a1b78a27578f13a17b -> 
  custom:container-demuxer-webm: 4f35f7cbe854078d1ac9338744f61a02 -> 
  custom:container-demuxer-ogg: 62fdf1f143b41e24485cea50d1cbac27 -> 
  custom:video-encoder-webm-vp8: eb34c28f22e8b96e1ab97ce403110664 -> 
  custom:video-decoder-webm-vp8: 9c59270c3fd7afecdb556c50c9e8de78 -> 
  custom:audio-decoder-ogg-vorbis: bf7c407c2cedff20999df2af8eb42d56 -> 
  custom:audio-encoder-webm-vorbis: bf7c407c2cedff20999df2af8eb42d56 -> 
========================================================================
Received Import Request.
  Time since last request: 786.279990 seconds.
  path: Assets/Resources/newCharacter/hair/Hairstyle_12_48x48_03 1.png
  artifactKey: Guid(6740762e710d046409999a79fa0f557f) Importer(815301076,1909f56bfc062723c751e8b465ee728b)
Start importing Assets/Resources/newCharacter/hair/Hairstyle_12_48x48_03 1.png using Guid(6740762e710d046409999a79fa0f557f) Importer(815301076,1909f56bfc062723c751e8b465ee728b)  -> (artifact id: 'bf3805c901027ee1df33fbbad39f7cc6') in 0.493786 seconds 
  Import took 0.530485 seconds .

========================================================================
Received Import Request.
  Time since last request: 0.949933 seconds.
  path: Assets/Resources/newCharacter/hair/Hairstyle_13_48x48_04.png
  artifactKey: Guid(4785291bf36fed64293ad836403641c3) Importer(815301076,1909f56bfc062723c751e8b465ee728b)
Start importing Assets/Resources/newCharacter/hair/Hairstyle_13_48x48_04.png using Guid(4785291bf36fed64293ad836403641c3) Importer(815301076,1909f56bfc062723c751e8b465ee728b)  -> (artifact id: '8b8a6593a9949bae0ea25d9423134723') in 0.344624 seconds 
  Import took 0.375186 seconds .

AssetImportWorkerClient::OnTransportError - code=2 error=End of file
